<?xml version="1.0" encoding="UTF-8"?>
<!-- Generated by org.testng.reporters.JUnitReportReporter -->
<testsuite skipped="0" hostname="BDC6-DX-HRVWFD2" name="testNG.test1" tests="1" failures="0" timestamp="13 Nov 2018 09:39:12 GMT" time="7.987" errors="0">
  <testcase name="testDemowebshop" time="7.987" classname="testNG.test1"/>
</testsuite> <!-- testNG.test1 -->
