<?xml version="1.0" encoding="UTF-8"?>
<!-- Generated by org.testng.reporters.JUnitReportReporter -->
<testsuite skipped="0" hostname="BDC6-DX-HRVWFD2" name="testNG.test2" tests="4" failures="0" timestamp="13 Nov 2018 09:51:20 GMT" time="0.022" errors="0">
  <testcase name="abs" time="0.001" classname="testNG.test2"/>
  <testcase name="test" time="0.016" classname="testNG.test2"/>
  <testcase name="google" time="0.004" classname="testNG.test2"/>
  <testcase name="apple" time="0.001" classname="testNG.test2"/>
</testsuite> <!-- testNG.test2 -->
