<?xml version="1.0" encoding="UTF-8"?>
<!-- Generated by org.testng.reporters.JUnitReportReporter -->
<testsuite skipped="0" hostname="BDC6-DX-HRVWFD2" name="testNG.withoutdataproviderinonewaytrip" tests="1" failures="0" timestamp="14 Nov 2018 12:37:09 GMT" time="6.681" errors="0">
  <testcase name="withoutdataprovider" time="6.681" classname="testNG.withoutdataproviderinonewaytrip"/>
</testsuite> <!-- testNG.withoutdataproviderinonewaytrip -->
