<?xml version="1.0" encoding="UTF-8"?>
<!-- Generated by org.testng.reporters.JUnitReportReporter -->
<testsuite skipped="0" hostname="BDC6-DX-HRVWFD2" name="testNG.CartCount" tests="1" failures="0" timestamp="14 Nov 2018 05:31:47 GMT" time="6.691" errors="0">
  <testcase name="testcartcount" time="6.691" classname="testNG.CartCount"/>
</testsuite> <!-- testNG.CartCount -->
