<?xml version="1.0" encoding="UTF-8"?>
<!-- Generated by org.testng.reporters.JUnitReportReporter -->
<testsuite skipped="0" hostname="BDC6-DX-HRVWFD2" name="NewTest" tests="2" failures="0" timestamp="13 Nov 2018 09:22:36 GMT" time="0.015" errors="0">
  <testcase name="test1" time="0.010" classname="NewTest"/>
  <testcase name="test2" time="0.005" classname="NewTest"/>
</testsuite> <!-- NewTest -->
