<?xml version="1.0" encoding="UTF-8"?>
<!-- Generated by org.testng.reporters.JUnitReportReporter -->
<testsuite skipped="0" hostname="BDC6-DX-HRVWFD2" name="testNG.HDFCbanking" tests="1" failures="0" timestamp="15 Nov 2018 06:30:33 GMT" time="19.259" errors="0">
  <testcase name="windowalerthandle" time="19.259" classname="testNG.HDFCbanking"/>
</testsuite> <!-- testNG.HDFCbanking -->
