<?xml version="1.0" encoding="UTF-8"?>
<!-- Generated by org.testng.reporters.JUnitReportReporter -->
<testsuite skipped="0" hostname="BDC6-DX-HRVWFD2" name="testNG.countgoogleapp" tests="1" failures="0" timestamp="14 Nov 2018 06:58:47 GMT" time="9.693" errors="0">
  <testcase name="testcountgoogleapp" time="9.693" classname="testNG.countgoogleapp"/>
</testsuite> <!-- testNG.countgoogleapp -->
