<?xml version="1.0" encoding="UTF-8"?>
<!-- Generated by org.testng.reporters.JUnitReportReporter -->
<testsuite skipped="0" hostname="BDC6-DX-HRVWFD2" name="testNG.testgroup" tests="1" failures="0" timestamp="14 Nov 2018 04:50:08 GMT" time="0.016" errors="0">
  <testcase name="test3" time="0.016" classname="testNG.testgroup"/>
</testsuite> <!-- testNG.testgroup -->
